<?xml version="1.0" encoding="UTF-8"?>
<!-- Generated by org.testng.reporters.JUnitXMLReporter -->
<testsuite ignored="1" hostname="abdelrahman" failures="0" tests="4" name="Test" time="29.77" errors="0" timestamp="2024-02-09T16:49:05 EET">
  <testcase classname="Tests.search" name="basicSearch" time="7.335"/>
  <testcase classname="Tests.search" name="emptySearch" time="2.422"/>
  <testcase classname="Tests.autoComplete" name="confirmRelevantData" time="2.213"/>
  <testcase classname="Tests.autoComplete" name="moveToSuggestions" time="2.705"/>
  <testcase classname="POM.baseClass" name="@BeforeTest setup" time="0.0">
    <ignored/>
  </testcase> <!-- @BeforeTest setup -->
</testsuite> <!-- Test -->
